<?xml version="1.0" encoding="UTF-8"?>
<testsuite name="SmokeTesting"
           tests="3"
           failures="0"
           errors="0"
           skipped="0"
           time="9.186">
  <properties />
  
  
            <testcase name="tcase01_02" time="1.107" classname="com.cloud.test.UserStories.LoginTest" />
                <testcase name="TC0_Login" time="7.999" classname="com.cloud.test.UserStories.LoginTest" />
                <testcase name="TC01_Title" time="0.080" classname="com.cloud.test.UserStories.LoginTest" />
      
</testsuite>
